INFO main Finalaya - Browser launched
INFO main Finalaya - Navigated to  http://www.finalaya.com/
INFO main Finalaya - ***********************Reports_DailyWrap_VerifyDailyWrapPage() Started*********************************
INFO main Finalaya - Verify Daily Market WrapPage Is displayed.
INFO main Finalaya - Daily Market Wrap Page is displayed
INFO main Finalaya - Verify CNX Table Is  displayed on Daily Market WrapPage Page.
INFO main Finalaya - CNX Nifty Table is displayed
INFO main Finalaya - Verify BSE Sensex Table Is  displayed on Daily Market WrapPage Page.
INFO main Finalaya - S&P BSE Sensex Table is displayed
INFO main Finalaya - Verify that CNX Table contains Last Three Dates.
INFO main Finalaya - CNX Nifty Table contains the Current date .
INFO main Finalaya - CNX Nifty Table contains the Last date .
INFO main Finalaya - CNX Nifty Table contains the Day Before Date .
INFO main Finalaya - CNX Nifty Table contains Current , lastDate and Day Before Date 
INFO main Finalaya - Verify that BSE SEnsex Table contains Last Three Dates.
INFO main Finalaya - BSE Sensex Table  contains the current date .
INFO main Finalaya - BSE Sensex Table contains the Last date .
INFO main Finalaya - BSE Sensex Table contains the Day Before Date .
INFO main Finalaya - BSE Sensex Table contains Current , lastDate and Day Before Date 
INFO main Finalaya - Verify that Daily Scrap  contains Heading and 10 colmun.
INFO main Finalaya - Unable to create the WebElement
INFO main Finalaya - Unable to locate element: {"method":"link text","selector":"View Archive"}
Command duration or timeout: 20.40 seconds
For documentation on this error, please visit: http://seleniumhq.org/exceptions/no_such_element.html
Build info: version: '2.39.0', revision: 'ff23eac', time: '2013-12-16 16:11:32'
System info: host: 'impetus-n078', ip: '192.168.212.11', os.name: 'Windows 7', os.arch: 'x86', os.version: '6.1', java.version: '1.7.0_03'
Session ID: aee34185-23dc-4422-93ca-786c30d50c83
Driver info: org.openqa.selenium.firefox.FirefoxDriver
Capabilities [{platform=XP, acceptSslCerts=true, javascriptEnabled=true, browserName=firefox, rotatable=false, locationContextEnabled=true, version=31.0, cssSelectorsEnabled=true, databaseEnabled=true, handlesAlerts=true, nativeEvents=false, webStorageEnabled=true, applicationCacheEnabled=true, takesScreenshot=true}]
INFO main Finalaya - Not able to click on Weblink
INFO main Finalaya - Daily  Wrap Frame contains 10 records .
INFO main Finalaya - Not able to click on Weblink
INFO main Finalaya - ***********************Reports_DailyWrap_VerifyDailyWrapPage()Ended*********************************
INFO main Finalaya - Browser closed
